<?xml version="1.0" encoding="UTF-8"?>
<testsuite xmlns:xsi="http://www.w3.org/2001/XMLSchema-instance" xsi:noNamespaceSchemaLocation="https://maven.apache.org/surefire/maven-surefire-plugin/xsd/surefire-test-report-3.0.xsd" version="3.0" name="com.casestudy.TestCalculator" time="0.449" tests="10" errors="0" skipped="0" failures="0">
  <properties>
[...]
</properties>
  <testcase name="testDiv()" classname="TestCalculator" time="0.02"/>
  <testcase name="testMul()" classname="TestCalculator" time="0.001"/>
  <testcase name="testSub()" classname="TestCalculator" time="0.001"/>
  <testcase name="testSum()" classname="TestCalculator" time="0.001"/>
  <testcase name="Passed Mul" classname="TestCalculator" time="0.004"/>
  <testcase name="Passed Sub" classname="TestCalculator" time="0.001"/>
  <testcase name="Passed Sum" classname="TestCalculator" time="0.001"/>
  <testcase name="Failed Sub" classname="TestCalculator" time="0.003"/>
  <testcase name="Failed Sum" classname="TestCalculator" time="0.001"/>
  <testcase name="Passed Div" classname="TestCalculator" time="0.001"/>
</testsuite>